2024-08-04 11:24:15,662 - INFO - Created results directory: results\20240804_112415
2024-08-04 11:24:15,663 - INFO - Starting Ablation Study
2024-08-04 11:24:15,663 - INFO - Running experiment: kg_completeness_0.25
2024-08-04 11:24:15,747 - INFO - Using device: cuda
2024-08-04 11:24:15,747 - INFO - Using device: cuda
2024-08-04 11:24:47,500 - INFO - Profiling stats saved to results\20240804_112415\kg_completeness_0.25\profile_stats.txt
2024-08-04 11:24:47,500 - INFO - Profiling stats saved to results\20240804_112415\kg_completeness_0.25\profile_stats.txt
2024-08-04 11:24:49,496 - INFO - Training and evaluation completed.
2024-08-04 11:24:49,496 - INFO - Training and evaluation completed.
2024-08-04 11:24:49,498 - INFO - Experiment kg_completeness_0.25 completed
2024-08-04 11:24:49,498 - INFO - Experiment kg_completeness_0.25 completed
2024-08-04 11:24:49,499 - INFO - Running experiment: kg_completeness_0.5
2024-08-04 11:24:49,499 - INFO - Running experiment: kg_completeness_0.5
2024-08-04 11:24:49,500 - INFO - Using device: cuda
2024-08-04 11:24:49,500 - INFO - Using device: cuda
2024-08-04 11:24:49,500 - INFO - Using device: cuda
2024-08-04 11:25:20,417 - INFO - Profiling stats saved to results\20240804_112415\kg_completeness_0.5\profile_stats.txt
2024-08-04 11:25:20,417 - INFO - Profiling stats saved to results\20240804_112415\kg_completeness_0.5\profile_stats.txt
2024-08-04 11:25:20,417 - INFO - Profiling stats saved to results\20240804_112415\kg_completeness_0.5\profile_stats.txt
2024-08-04 11:25:22,534 - INFO - Training and evaluation completed.
2024-08-04 11:25:22,534 - INFO - Training and evaluation completed.
2024-08-04 11:25:22,534 - INFO - Training and evaluation completed.
2024-08-04 11:25:22,535 - INFO - Experiment kg_completeness_0.5 completed
2024-08-04 11:25:22,535 - INFO - Experiment kg_completeness_0.5 completed
2024-08-04 11:25:22,535 - INFO - Experiment kg_completeness_0.5 completed
2024-08-04 11:25:22,536 - INFO - Running experiment: kg_completeness_0.75
2024-08-04 11:25:22,536 - INFO - Running experiment: kg_completeness_0.75
2024-08-04 11:25:22,536 - INFO - Running experiment: kg_completeness_0.75
2024-08-04 11:25:22,536 - INFO - Using device: cuda
2024-08-04 11:25:22,536 - INFO - Using device: cuda
2024-08-04 11:25:22,536 - INFO - Using device: cuda
2024-08-04 11:25:22,536 - INFO - Using device: cuda
2024-08-04 11:25:52,789 - INFO - Profiling stats saved to results\20240804_112415\kg_completeness_0.75\profile_stats.txt
2024-08-04 11:25:52,789 - INFO - Profiling stats saved to results\20240804_112415\kg_completeness_0.75\profile_stats.txt
2024-08-04 11:25:52,789 - INFO - Profiling stats saved to results\20240804_112415\kg_completeness_0.75\profile_stats.txt
2024-08-04 11:25:52,789 - INFO - Profiling stats saved to results\20240804_112415\kg_completeness_0.75\profile_stats.txt
2024-08-04 11:25:54,891 - INFO - Training and evaluation completed.
2024-08-04 11:25:54,891 - INFO - Training and evaluation completed.
2024-08-04 11:25:54,891 - INFO - Training and evaluation completed.
2024-08-04 11:25:54,891 - INFO - Training and evaluation completed.
2024-08-04 11:25:54,893 - INFO - Experiment kg_completeness_0.75 completed
2024-08-04 11:25:54,893 - INFO - Experiment kg_completeness_0.75 completed
2024-08-04 11:25:54,893 - INFO - Experiment kg_completeness_0.75 completed
2024-08-04 11:25:54,893 - INFO - Experiment kg_completeness_0.75 completed
2024-08-04 11:25:54,894 - INFO - Running experiment: kg_completeness_1.0
2024-08-04 11:25:54,894 - INFO - Running experiment: kg_completeness_1.0
2024-08-04 11:25:54,894 - INFO - Running experiment: kg_completeness_1.0
2024-08-04 11:25:54,894 - INFO - Running experiment: kg_completeness_1.0
2024-08-04 11:25:54,895 - INFO - Using device: cuda
2024-08-04 11:25:54,895 - INFO - Using device: cuda
2024-08-04 11:25:54,895 - INFO - Using device: cuda
2024-08-04 11:25:54,895 - INFO - Using device: cuda
2024-08-04 11:25:54,895 - INFO - Using device: cuda
2024-08-04 11:25:54,911 - ERROR - An error occurred during the ablation study: Cannot choose from an empty sequence
2024-08-04 11:25:54,911 - ERROR - An error occurred during the ablation study: Cannot choose from an empty sequence
2024-08-04 11:25:54,911 - ERROR - An error occurred during the ablation study: Cannot choose from an empty sequence
2024-08-04 11:25:54,911 - ERROR - An error occurred during the ablation study: Cannot choose from an empty sequence
2024-08-04 11:25:54,911 - ERROR - An error occurred during the ablation study: Cannot choose from an empty sequence
2024-08-04 11:25:54,919 - ERROR - Traceback (most recent call last):
  File "c:\Users\anton\Dev\ABM\training.py", line 260, in <module>
    ablation_study.run()
  File "c:\Users\anton\Dev\ABM\training.py", line 139, in run
    trainer.setup(self.base_config)
  File "c:\Users\anton\Dev\ABM\training.py", line 186, in setup
    self.env: CustomEnv = self.env_manager.make_env()
                          ^^^^^^^^^^^^^^^^^^^^^^^^^^^
  File "c:\Users\anton\Dev\ABM\training.py", line 27, in make_env
    env = CustomEnv(self.game_manager_args, self.simulation_manager_args, self.model_args)
          ^^^^^^^^^^^^^^^^^^^^^^^^^^^^^^^^^^^^^^^^^^^^^^^^^^^^^^^^^^^^^^^^^^^^^^^^^^^^^^^^
  File "c:\Users\anton\Dev\ABM\custom_env.py", line 39, in __init__
    self.simulation_manager = SimulationManager(
                              ^^^^^^^^^^^^^^^^^^
  File "c:\Users\anton\Dev\ABM\simulation_manager.py", line 11, in __init__
    self.create_games(number_of_environments, game_manager_args, plot)
  File "c:\Users\anton\Dev\ABM\simulation_manager.py", line 27, in create_games
    game_manager = GameManager(num_tiles, screen_size, vision_range, plot)
                   ^^^^^^^^^^^^^^^^^^^^^^^^^^^^^^^^^^^^^^^^^^^^^^^^^^^^^^^
  File "c:\Users\anton\Dev\ABM\game_manager.py", line 27, in __init__
    self.initialize_components()
  File "c:\Users\anton\Dev\ABM\game_manager.py", line 43, in initialize_components
    self.environment = Environment(heightmap, self.tile_size, number_of_outposts=3)
                       ^^^^^^^^^^^^^^^^^^^^^^^^^^^^^^^^^^^^^^^^^^^^^^^^^^^^^^^^^^^^
  File "c:\Users\anton\Dev\ABM\environment.py", line 35, in __init__
    self.player = self.init_player()
                  ^^^^^^^^^^^^^^^^^^
  File "c:\Users\anton\Dev\ABM\environment.py", line 111, in init_player
    location = random.choice(self.suitable_terrain_locations['Plains'] + self.suitable_terrain_locations['Hills'])
               ^^^^^^^^^^^^^^^^^^^^^^^^^^^^^^^^^^^^^^^^^^^^^^^^^^^^^^^^^^^^^^^^^^^^^^^^^^^^^^^^^^^^^^^^^^^^^^^^^^^
  File "C:\Users\anton\anaconda3\envs\ABM\Lib\random.py", line 373, in choice
    raise IndexError('Cannot choose from an empty sequence')
IndexError: Cannot choose from an empty sequence

2024-08-04 11:25:54,919 - ERROR - Traceback (most recent call last):
  File "c:\Users\anton\Dev\ABM\training.py", line 260, in <module>
    ablation_study.run()
  File "c:\Users\anton\Dev\ABM\training.py", line 139, in run
    trainer.setup(self.base_config)
  File "c:\Users\anton\Dev\ABM\training.py", line 186, in setup
    self.env: CustomEnv = self.env_manager.make_env()
                          ^^^^^^^^^^^^^^^^^^^^^^^^^^^
  File "c:\Users\anton\Dev\ABM\training.py", line 27, in make_env
    env = CustomEnv(self.game_manager_args, self.simulation_manager_args, self.model_args)
          ^^^^^^^^^^^^^^^^^^^^^^^^^^^^^^^^^^^^^^^^^^^^^^^^^^^^^^^^^^^^^^^^^^^^^^^^^^^^^^^^
  File "c:\Users\anton\Dev\ABM\custom_env.py", line 39, in __init__
    self.simulation_manager = SimulationManager(
                              ^^^^^^^^^^^^^^^^^^
  File "c:\Users\anton\Dev\ABM\simulation_manager.py", line 11, in __init__
    self.create_games(number_of_environments, game_manager_args, plot)
  File "c:\Users\anton\Dev\ABM\simulation_manager.py", line 27, in create_games
    game_manager = GameManager(num_tiles, screen_size, vision_range, plot)
                   ^^^^^^^^^^^^^^^^^^^^^^^^^^^^^^^^^^^^^^^^^^^^^^^^^^^^^^^
  File "c:\Users\anton\Dev\ABM\game_manager.py", line 27, in __init__
    self.initialize_components()
  File "c:\Users\anton\Dev\ABM\game_manager.py", line 43, in initialize_components
    self.environment = Environment(heightmap, self.tile_size, number_of_outposts=3)
                       ^^^^^^^^^^^^^^^^^^^^^^^^^^^^^^^^^^^^^^^^^^^^^^^^^^^^^^^^^^^^
  File "c:\Users\anton\Dev\ABM\environment.py", line 35, in __init__
    self.player = self.init_player()
                  ^^^^^^^^^^^^^^^^^^
  File "c:\Users\anton\Dev\ABM\environment.py", line 111, in init_player
    location = random.choice(self.suitable_terrain_locations['Plains'] + self.suitable_terrain_locations['Hills'])
               ^^^^^^^^^^^^^^^^^^^^^^^^^^^^^^^^^^^^^^^^^^^^^^^^^^^^^^^^^^^^^^^^^^^^^^^^^^^^^^^^^^^^^^^^^^^^^^^^^^^
  File "C:\Users\anton\anaconda3\envs\ABM\Lib\random.py", line 373, in choice
    raise IndexError('Cannot choose from an empty sequence')
IndexError: Cannot choose from an empty sequence

2024-08-04 11:25:54,919 - ERROR - Traceback (most recent call last):
  File "c:\Users\anton\Dev\ABM\training.py", line 260, in <module>
    ablation_study.run()
  File "c:\Users\anton\Dev\ABM\training.py", line 139, in run
    trainer.setup(self.base_config)
  File "c:\Users\anton\Dev\ABM\training.py", line 186, in setup
    self.env: CustomEnv = self.env_manager.make_env()
                          ^^^^^^^^^^^^^^^^^^^^^^^^^^^
  File "c:\Users\anton\Dev\ABM\training.py", line 27, in make_env
    env = CustomEnv(self.game_manager_args, self.simulation_manager_args, self.model_args)
          ^^^^^^^^^^^^^^^^^^^^^^^^^^^^^^^^^^^^^^^^^^^^^^^^^^^^^^^^^^^^^^^^^^^^^^^^^^^^^^^^
  File "c:\Users\anton\Dev\ABM\custom_env.py", line 39, in __init__
    self.simulation_manager = SimulationManager(
                              ^^^^^^^^^^^^^^^^^^
  File "c:\Users\anton\Dev\ABM\simulation_manager.py", line 11, in __init__
    self.create_games(number_of_environments, game_manager_args, plot)
  File "c:\Users\anton\Dev\ABM\simulation_manager.py", line 27, in create_games
    game_manager = GameManager(num_tiles, screen_size, vision_range, plot)
                   ^^^^^^^^^^^^^^^^^^^^^^^^^^^^^^^^^^^^^^^^^^^^^^^^^^^^^^^
  File "c:\Users\anton\Dev\ABM\game_manager.py", line 27, in __init__
    self.initialize_components()
  File "c:\Users\anton\Dev\ABM\game_manager.py", line 43, in initialize_components
    self.environment = Environment(heightmap, self.tile_size, number_of_outposts=3)
                       ^^^^^^^^^^^^^^^^^^^^^^^^^^^^^^^^^^^^^^^^^^^^^^^^^^^^^^^^^^^^
  File "c:\Users\anton\Dev\ABM\environment.py", line 35, in __init__
    self.player = self.init_player()
                  ^^^^^^^^^^^^^^^^^^
  File "c:\Users\anton\Dev\ABM\environment.py", line 111, in init_player
    location = random.choice(self.suitable_terrain_locations['Plains'] + self.suitable_terrain_locations['Hills'])
               ^^^^^^^^^^^^^^^^^^^^^^^^^^^^^^^^^^^^^^^^^^^^^^^^^^^^^^^^^^^^^^^^^^^^^^^^^^^^^^^^^^^^^^^^^^^^^^^^^^^
  File "C:\Users\anton\anaconda3\envs\ABM\Lib\random.py", line 373, in choice
    raise IndexError('Cannot choose from an empty sequence')
IndexError: Cannot choose from an empty sequence

2024-08-04 11:25:54,919 - ERROR - Traceback (most recent call last):
  File "c:\Users\anton\Dev\ABM\training.py", line 260, in <module>
    ablation_study.run()
  File "c:\Users\anton\Dev\ABM\training.py", line 139, in run
    trainer.setup(self.base_config)
  File "c:\Users\anton\Dev\ABM\training.py", line 186, in setup
    self.env: CustomEnv = self.env_manager.make_env()
                          ^^^^^^^^^^^^^^^^^^^^^^^^^^^
  File "c:\Users\anton\Dev\ABM\training.py", line 27, in make_env
    env = CustomEnv(self.game_manager_args, self.simulation_manager_args, self.model_args)
          ^^^^^^^^^^^^^^^^^^^^^^^^^^^^^^^^^^^^^^^^^^^^^^^^^^^^^^^^^^^^^^^^^^^^^^^^^^^^^^^^
  File "c:\Users\anton\Dev\ABM\custom_env.py", line 39, in __init__
    self.simulation_manager = SimulationManager(
                              ^^^^^^^^^^^^^^^^^^
  File "c:\Users\anton\Dev\ABM\simulation_manager.py", line 11, in __init__
    self.create_games(number_of_environments, game_manager_args, plot)
  File "c:\Users\anton\Dev\ABM\simulation_manager.py", line 27, in create_games
    game_manager = GameManager(num_tiles, screen_size, vision_range, plot)
                   ^^^^^^^^^^^^^^^^^^^^^^^^^^^^^^^^^^^^^^^^^^^^^^^^^^^^^^^
  File "c:\Users\anton\Dev\ABM\game_manager.py", line 27, in __init__
    self.initialize_components()
  File "c:\Users\anton\Dev\ABM\game_manager.py", line 43, in initialize_components
    self.environment = Environment(heightmap, self.tile_size, number_of_outposts=3)
                       ^^^^^^^^^^^^^^^^^^^^^^^^^^^^^^^^^^^^^^^^^^^^^^^^^^^^^^^^^^^^
  File "c:\Users\anton\Dev\ABM\environment.py", line 35, in __init__
    self.player = self.init_player()
                  ^^^^^^^^^^^^^^^^^^
  File "c:\Users\anton\Dev\ABM\environment.py", line 111, in init_player
    location = random.choice(self.suitable_terrain_locations['Plains'] + self.suitable_terrain_locations['Hills'])
               ^^^^^^^^^^^^^^^^^^^^^^^^^^^^^^^^^^^^^^^^^^^^^^^^^^^^^^^^^^^^^^^^^^^^^^^^^^^^^^^^^^^^^^^^^^^^^^^^^^^
  File "C:\Users\anton\anaconda3\envs\ABM\Lib\random.py", line 373, in choice
    raise IndexError('Cannot choose from an empty sequence')
IndexError: Cannot choose from an empty sequence

2024-08-04 11:25:54,919 - ERROR - Traceback (most recent call last):
  File "c:\Users\anton\Dev\ABM\training.py", line 260, in <module>
    ablation_study.run()
  File "c:\Users\anton\Dev\ABM\training.py", line 139, in run
    trainer.setup(self.base_config)
  File "c:\Users\anton\Dev\ABM\training.py", line 186, in setup
    self.env: CustomEnv = self.env_manager.make_env()
                          ^^^^^^^^^^^^^^^^^^^^^^^^^^^
  File "c:\Users\anton\Dev\ABM\training.py", line 27, in make_env
    env = CustomEnv(self.game_manager_args, self.simulation_manager_args, self.model_args)
          ^^^^^^^^^^^^^^^^^^^^^^^^^^^^^^^^^^^^^^^^^^^^^^^^^^^^^^^^^^^^^^^^^^^^^^^^^^^^^^^^
  File "c:\Users\anton\Dev\ABM\custom_env.py", line 39, in __init__
    self.simulation_manager = SimulationManager(
                              ^^^^^^^^^^^^^^^^^^
  File "c:\Users\anton\Dev\ABM\simulation_manager.py", line 11, in __init__
    self.create_games(number_of_environments, game_manager_args, plot)
  File "c:\Users\anton\Dev\ABM\simulation_manager.py", line 27, in create_games
    game_manager = GameManager(num_tiles, screen_size, vision_range, plot)
                   ^^^^^^^^^^^^^^^^^^^^^^^^^^^^^^^^^^^^^^^^^^^^^^^^^^^^^^^
  File "c:\Users\anton\Dev\ABM\game_manager.py", line 27, in __init__
    self.initialize_components()
  File "c:\Users\anton\Dev\ABM\game_manager.py", line 43, in initialize_components
    self.environment = Environment(heightmap, self.tile_size, number_of_outposts=3)
                       ^^^^^^^^^^^^^^^^^^^^^^^^^^^^^^^^^^^^^^^^^^^^^^^^^^^^^^^^^^^^
  File "c:\Users\anton\Dev\ABM\environment.py", line 35, in __init__
    self.player = self.init_player()
                  ^^^^^^^^^^^^^^^^^^
  File "c:\Users\anton\Dev\ABM\environment.py", line 111, in init_player
    location = random.choice(self.suitable_terrain_locations['Plains'] + self.suitable_terrain_locations['Hills'])
               ^^^^^^^^^^^^^^^^^^^^^^^^^^^^^^^^^^^^^^^^^^^^^^^^^^^^^^^^^^^^^^^^^^^^^^^^^^^^^^^^^^^^^^^^^^^^^^^^^^^
  File "C:\Users\anton\anaconda3\envs\ABM\Lib\random.py", line 373, in choice
    raise IndexError('Cannot choose from an empty sequence')
IndexError: Cannot choose from an empty sequence

2024-08-04 11:27:08,890 - INFO - Created results directory: results\20240804_112708
2024-08-04 11:27:08,890 - INFO - Starting Ablation Study
2024-08-04 11:27:08,891 - INFO - Running experiment: kg_completeness_0.25
2024-08-04 11:27:08,914 - INFO - Using device: cuda
2024-08-04 11:27:08,914 - INFO - Using device: cuda
2024-08-04 11:27:36,783 - INFO - Profiling stats saved to results\20240804_112708\kg_completeness_0.25\profile_stats.txt
2024-08-04 11:27:36,783 - INFO - Profiling stats saved to results\20240804_112708\kg_completeness_0.25\profile_stats.txt
2024-08-04 11:27:38,611 - INFO - Training and evaluation completed.
2024-08-04 11:27:38,611 - INFO - Training and evaluation completed.
2024-08-04 11:27:38,612 - INFO - Experiment kg_completeness_0.25 completed
2024-08-04 11:27:38,612 - INFO - Experiment kg_completeness_0.25 completed
2024-08-04 11:27:38,613 - INFO - Running experiment: kg_completeness_0.5
2024-08-04 11:27:38,613 - INFO - Running experiment: kg_completeness_0.5
2024-08-04 11:27:38,614 - INFO - Using device: cuda
2024-08-04 11:27:38,614 - INFO - Using device: cuda
2024-08-04 11:27:38,614 - INFO - Using device: cuda
2024-08-04 11:28:07,275 - INFO - Profiling stats saved to results\20240804_112708\kg_completeness_0.5\profile_stats.txt
2024-08-04 11:28:07,275 - INFO - Profiling stats saved to results\20240804_112708\kg_completeness_0.5\profile_stats.txt
2024-08-04 11:28:07,275 - INFO - Profiling stats saved to results\20240804_112708\kg_completeness_0.5\profile_stats.txt
2024-08-04 11:28:09,288 - INFO - Training and evaluation completed.
2024-08-04 11:28:09,288 - INFO - Training and evaluation completed.
2024-08-04 11:28:09,288 - INFO - Training and evaluation completed.
2024-08-04 11:28:09,288 - INFO - Experiment kg_completeness_0.5 completed
2024-08-04 11:28:09,288 - INFO - Experiment kg_completeness_0.5 completed
2024-08-04 11:28:09,288 - INFO - Experiment kg_completeness_0.5 completed
2024-08-04 11:28:09,289 - INFO - Running experiment: kg_completeness_0.75
2024-08-04 11:28:09,289 - INFO - Running experiment: kg_completeness_0.75
2024-08-04 11:28:09,289 - INFO - Running experiment: kg_completeness_0.75
2024-08-04 11:28:09,290 - INFO - Using device: cuda
2024-08-04 11:28:09,290 - INFO - Using device: cuda
2024-08-04 11:28:09,290 - INFO - Using device: cuda
2024-08-04 11:28:09,290 - INFO - Using device: cuda
2024-08-04 11:28:39,380 - INFO - Profiling stats saved to results\20240804_112708\kg_completeness_0.75\profile_stats.txt
2024-08-04 11:28:39,380 - INFO - Profiling stats saved to results\20240804_112708\kg_completeness_0.75\profile_stats.txt
2024-08-04 11:28:39,380 - INFO - Profiling stats saved to results\20240804_112708\kg_completeness_0.75\profile_stats.txt
2024-08-04 11:28:39,380 - INFO - Profiling stats saved to results\20240804_112708\kg_completeness_0.75\profile_stats.txt
2024-08-04 11:28:41,390 - INFO - Training and evaluation completed.
2024-08-04 11:28:41,390 - INFO - Training and evaluation completed.
2024-08-04 11:28:41,390 - INFO - Training and evaluation completed.
2024-08-04 11:28:41,390 - INFO - Training and evaluation completed.
2024-08-04 11:28:41,392 - INFO - Experiment kg_completeness_0.75 completed
2024-08-04 11:28:41,392 - INFO - Experiment kg_completeness_0.75 completed
2024-08-04 11:28:41,392 - INFO - Experiment kg_completeness_0.75 completed
2024-08-04 11:28:41,392 - INFO - Experiment kg_completeness_0.75 completed
2024-08-04 11:28:41,392 - INFO - Running experiment: kg_completeness_1.0
2024-08-04 11:28:41,392 - INFO - Running experiment: kg_completeness_1.0
2024-08-04 11:28:41,392 - INFO - Running experiment: kg_completeness_1.0
2024-08-04 11:28:41,392 - INFO - Running experiment: kg_completeness_1.0
2024-08-04 11:28:41,405 - INFO - Using device: cuda
2024-08-04 11:28:41,405 - INFO - Using device: cuda
2024-08-04 11:28:41,405 - INFO - Using device: cuda
2024-08-04 11:28:41,405 - INFO - Using device: cuda
2024-08-04 11:28:41,405 - INFO - Using device: cuda
2024-08-04 11:29:09,257 - INFO - Profiling stats saved to results\20240804_112708\kg_completeness_1.0\profile_stats.txt
2024-08-04 11:29:09,257 - INFO - Profiling stats saved to results\20240804_112708\kg_completeness_1.0\profile_stats.txt
2024-08-04 11:29:09,257 - INFO - Profiling stats saved to results\20240804_112708\kg_completeness_1.0\profile_stats.txt
2024-08-04 11:29:09,257 - INFO - Profiling stats saved to results\20240804_112708\kg_completeness_1.0\profile_stats.txt
2024-08-04 11:29:09,257 - INFO - Profiling stats saved to results\20240804_112708\kg_completeness_1.0\profile_stats.txt
2024-08-04 11:29:10,907 - INFO - Training and evaluation completed.
2024-08-04 11:29:10,907 - INFO - Training and evaluation completed.
2024-08-04 11:29:10,907 - INFO - Training and evaluation completed.
2024-08-04 11:29:10,907 - INFO - Training and evaluation completed.
2024-08-04 11:29:10,907 - INFO - Training and evaluation completed.
2024-08-04 11:29:10,909 - INFO - Experiment kg_completeness_1.0 completed
2024-08-04 11:29:10,909 - INFO - Experiment kg_completeness_1.0 completed
2024-08-04 11:29:10,909 - INFO - Experiment kg_completeness_1.0 completed
2024-08-04 11:29:10,909 - INFO - Experiment kg_completeness_1.0 completed
2024-08-04 11:29:10,909 - INFO - Experiment kg_completeness_1.0 completed
2024-08-04 11:29:10,910 - INFO - Ablation study results saved to results\20240804_112708\ablation_study_results.json
2024-08-04 11:29:10,910 - INFO - Ablation study results saved to results\20240804_112708\ablation_study_results.json
2024-08-04 11:29:10,910 - INFO - Ablation study results saved to results\20240804_112708\ablation_study_results.json
2024-08-04 11:29:10,910 - INFO - Ablation study results saved to results\20240804_112708\ablation_study_results.json
2024-08-04 11:29:10,910 - INFO - Ablation study results saved to results\20240804_112708\ablation_study_results.json
2024-08-04 11:29:10,912 - INFO - Individual experiment results saved to results\20240804_112708\kg_completeness_0.25_results.json
2024-08-04 11:29:10,912 - INFO - Individual experiment results saved to results\20240804_112708\kg_completeness_0.25_results.json
2024-08-04 11:29:10,912 - INFO - Individual experiment results saved to results\20240804_112708\kg_completeness_0.25_results.json
2024-08-04 11:29:10,912 - INFO - Individual experiment results saved to results\20240804_112708\kg_completeness_0.25_results.json
2024-08-04 11:29:10,912 - INFO - Individual experiment results saved to results\20240804_112708\kg_completeness_0.25_results.json
2024-08-04 11:29:10,914 - INFO - Individual experiment results saved to results\20240804_112708\kg_completeness_0.5_results.json
2024-08-04 11:29:10,914 - INFO - Individual experiment results saved to results\20240804_112708\kg_completeness_0.5_results.json
2024-08-04 11:29:10,914 - INFO - Individual experiment results saved to results\20240804_112708\kg_completeness_0.5_results.json
2024-08-04 11:29:10,914 - INFO - Individual experiment results saved to results\20240804_112708\kg_completeness_0.5_results.json
2024-08-04 11:29:10,914 - INFO - Individual experiment results saved to results\20240804_112708\kg_completeness_0.5_results.json
2024-08-04 11:29:10,915 - INFO - Individual experiment results saved to results\20240804_112708\kg_completeness_0.75_results.json
2024-08-04 11:29:10,915 - INFO - Individual experiment results saved to results\20240804_112708\kg_completeness_0.75_results.json
2024-08-04 11:29:10,915 - INFO - Individual experiment results saved to results\20240804_112708\kg_completeness_0.75_results.json
2024-08-04 11:29:10,915 - INFO - Individual experiment results saved to results\20240804_112708\kg_completeness_0.75_results.json
2024-08-04 11:29:10,915 - INFO - Individual experiment results saved to results\20240804_112708\kg_completeness_0.75_results.json
2024-08-04 11:29:10,917 - INFO - Individual experiment results saved to results\20240804_112708\kg_completeness_1.0_results.json
2024-08-04 11:29:10,917 - INFO - Individual experiment results saved to results\20240804_112708\kg_completeness_1.0_results.json
2024-08-04 11:29:10,917 - INFO - Individual experiment results saved to results\20240804_112708\kg_completeness_1.0_results.json
2024-08-04 11:29:10,917 - INFO - Individual experiment results saved to results\20240804_112708\kg_completeness_1.0_results.json
2024-08-04 11:29:10,917 - INFO - Individual experiment results saved to results\20240804_112708\kg_completeness_1.0_results.json
2024-08-04 11:29:10,919 - INFO - Base configuration saved to results\20240804_112708\base_config.json
2024-08-04 11:29:10,919 - INFO - Base configuration saved to results\20240804_112708\base_config.json
2024-08-04 11:29:10,919 - INFO - Base configuration saved to results\20240804_112708\base_config.json
2024-08-04 11:29:10,919 - INFO - Base configuration saved to results\20240804_112708\base_config.json
2024-08-04 11:29:10,919 - INFO - Base configuration saved to results\20240804_112708\base_config.json
2024-08-04 11:29:10,920 - INFO - Ablation Study completed
2024-08-04 11:29:10,920 - INFO - Ablation Study completed
2024-08-04 11:29:10,920 - INFO - Ablation Study completed
2024-08-04 11:29:10,920 - INFO - Ablation Study completed
2024-08-04 11:29:10,920 - INFO - Ablation Study completed
2024-08-04 14:34:39,034 - INFO - Created results directory: results\20240804_143439
2024-08-04 14:34:39,035 - INFO - Starting Ablation Study
2024-08-04 14:34:39,035 - INFO - Running experiment: kg_completeness_0.25
2024-08-04 14:34:39,111 - INFO - Using device: cuda
2024-08-04 14:34:39,111 - INFO - Using device: cuda
2024-08-04 14:34:40,411 - INFO - Profiling stats saved to results\20240804_143439\kg_completeness_0.25\profile_stats.txt
2024-08-04 14:34:40,411 - INFO - Profiling stats saved to results\20240804_143439\kg_completeness_0.25\profile_stats.txt
2024-08-04 14:34:42,802 - INFO - Training and evaluation completed.
2024-08-04 14:34:42,802 - INFO - Training and evaluation completed.
2024-08-04 14:34:42,803 - INFO - Experiment kg_completeness_0.25 completed
2024-08-04 14:34:42,803 - INFO - Experiment kg_completeness_0.25 completed
2024-08-04 14:34:42,803 - INFO - Running experiment: kg_completeness_0.5
2024-08-04 14:34:42,803 - INFO - Running experiment: kg_completeness_0.5
2024-08-04 14:34:42,804 - INFO - Using device: cuda
2024-08-04 14:34:42,804 - INFO - Using device: cuda
2024-08-04 14:34:42,804 - INFO - Using device: cuda
2024-08-04 14:34:43,679 - INFO - Profiling stats saved to results\20240804_143439\kg_completeness_0.5\profile_stats.txt
2024-08-04 14:34:43,679 - INFO - Profiling stats saved to results\20240804_143439\kg_completeness_0.5\profile_stats.txt
2024-08-04 14:34:43,679 - INFO - Profiling stats saved to results\20240804_143439\kg_completeness_0.5\profile_stats.txt
2024-08-04 14:34:45,097 - INFO - Training and evaluation completed.
2024-08-04 14:34:45,097 - INFO - Training and evaluation completed.
2024-08-04 14:34:45,097 - INFO - Training and evaluation completed.
2024-08-04 14:34:45,098 - INFO - Experiment kg_completeness_0.5 completed
2024-08-04 14:34:45,098 - INFO - Experiment kg_completeness_0.5 completed
2024-08-04 14:34:45,098 - INFO - Experiment kg_completeness_0.5 completed
2024-08-04 14:34:45,098 - INFO - Running experiment: kg_completeness_0.75
2024-08-04 14:34:45,098 - INFO - Running experiment: kg_completeness_0.75
2024-08-04 14:34:45,098 - INFO - Running experiment: kg_completeness_0.75
2024-08-04 14:34:45,099 - INFO - Using device: cuda
2024-08-04 14:34:45,099 - INFO - Using device: cuda
2024-08-04 14:34:45,099 - INFO - Using device: cuda
2024-08-04 14:34:45,099 - INFO - Using device: cuda
2024-08-04 14:34:45,986 - INFO - Profiling stats saved to results\20240804_143439\kg_completeness_0.75\profile_stats.txt
2024-08-04 14:34:45,986 - INFO - Profiling stats saved to results\20240804_143439\kg_completeness_0.75\profile_stats.txt
2024-08-04 14:34:45,986 - INFO - Profiling stats saved to results\20240804_143439\kg_completeness_0.75\profile_stats.txt
2024-08-04 14:34:45,986 - INFO - Profiling stats saved to results\20240804_143439\kg_completeness_0.75\profile_stats.txt
2024-08-04 14:34:47,535 - INFO - Training and evaluation completed.
2024-08-04 14:34:47,535 - INFO - Training and evaluation completed.
2024-08-04 14:34:47,535 - INFO - Training and evaluation completed.
2024-08-04 14:34:47,535 - INFO - Training and evaluation completed.
2024-08-04 14:34:47,536 - INFO - Experiment kg_completeness_0.75 completed
2024-08-04 14:34:47,536 - INFO - Experiment kg_completeness_0.75 completed
2024-08-04 14:34:47,536 - INFO - Experiment kg_completeness_0.75 completed
2024-08-04 14:34:47,536 - INFO - Experiment kg_completeness_0.75 completed
2024-08-04 14:34:47,536 - INFO - Running experiment: kg_completeness_1.0
2024-08-04 14:34:47,536 - INFO - Running experiment: kg_completeness_1.0
2024-08-04 14:34:47,536 - INFO - Running experiment: kg_completeness_1.0
2024-08-04 14:34:47,536 - INFO - Running experiment: kg_completeness_1.0
2024-08-04 14:34:47,538 - INFO - Using device: cuda
2024-08-04 14:34:47,538 - INFO - Using device: cuda
2024-08-04 14:34:47,538 - INFO - Using device: cuda
2024-08-04 14:34:47,538 - INFO - Using device: cuda
2024-08-04 14:34:47,538 - INFO - Using device: cuda
2024-08-04 14:34:48,516 - INFO - Profiling stats saved to results\20240804_143439\kg_completeness_1.0\profile_stats.txt
2024-08-04 14:34:48,516 - INFO - Profiling stats saved to results\20240804_143439\kg_completeness_1.0\profile_stats.txt
2024-08-04 14:34:48,516 - INFO - Profiling stats saved to results\20240804_143439\kg_completeness_1.0\profile_stats.txt
2024-08-04 14:34:48,516 - INFO - Profiling stats saved to results\20240804_143439\kg_completeness_1.0\profile_stats.txt
2024-08-04 14:34:48,516 - INFO - Profiling stats saved to results\20240804_143439\kg_completeness_1.0\profile_stats.txt
2024-08-04 14:34:49,986 - INFO - Training and evaluation completed.
2024-08-04 14:34:49,986 - INFO - Training and evaluation completed.
2024-08-04 14:34:49,986 - INFO - Training and evaluation completed.
2024-08-04 14:34:49,986 - INFO - Training and evaluation completed.
2024-08-04 14:34:49,986 - INFO - Training and evaluation completed.
2024-08-04 14:34:49,987 - INFO - Experiment kg_completeness_1.0 completed
2024-08-04 14:34:49,987 - INFO - Experiment kg_completeness_1.0 completed
2024-08-04 14:34:49,987 - INFO - Experiment kg_completeness_1.0 completed
2024-08-04 14:34:49,987 - INFO - Experiment kg_completeness_1.0 completed
2024-08-04 14:34:49,987 - INFO - Experiment kg_completeness_1.0 completed
2024-08-04 14:34:49,988 - INFO - Ablation study results saved to results\20240804_143439\ablation_study_results.json
2024-08-04 14:34:49,988 - INFO - Ablation study results saved to results\20240804_143439\ablation_study_results.json
2024-08-04 14:34:49,988 - INFO - Ablation study results saved to results\20240804_143439\ablation_study_results.json
2024-08-04 14:34:49,988 - INFO - Ablation study results saved to results\20240804_143439\ablation_study_results.json
2024-08-04 14:34:49,988 - INFO - Ablation study results saved to results\20240804_143439\ablation_study_results.json
2024-08-04 14:34:49,990 - INFO - Individual experiment results saved to results\20240804_143439\kg_completeness_0.25_results.json
2024-08-04 14:34:49,990 - INFO - Individual experiment results saved to results\20240804_143439\kg_completeness_0.25_results.json
2024-08-04 14:34:49,990 - INFO - Individual experiment results saved to results\20240804_143439\kg_completeness_0.25_results.json
2024-08-04 14:34:49,990 - INFO - Individual experiment results saved to results\20240804_143439\kg_completeness_0.25_results.json
2024-08-04 14:34:49,990 - INFO - Individual experiment results saved to results\20240804_143439\kg_completeness_0.25_results.json
2024-08-04 14:34:49,993 - INFO - Individual experiment results saved to results\20240804_143439\kg_completeness_0.5_results.json
2024-08-04 14:34:49,993 - INFO - Individual experiment results saved to results\20240804_143439\kg_completeness_0.5_results.json
2024-08-04 14:34:49,993 - INFO - Individual experiment results saved to results\20240804_143439\kg_completeness_0.5_results.json
2024-08-04 14:34:49,993 - INFO - Individual experiment results saved to results\20240804_143439\kg_completeness_0.5_results.json
2024-08-04 14:34:49,993 - INFO - Individual experiment results saved to results\20240804_143439\kg_completeness_0.5_results.json
2024-08-04 14:34:49,995 - INFO - Individual experiment results saved to results\20240804_143439\kg_completeness_0.75_results.json
2024-08-04 14:34:49,995 - INFO - Individual experiment results saved to results\20240804_143439\kg_completeness_0.75_results.json
2024-08-04 14:34:49,995 - INFO - Individual experiment results saved to results\20240804_143439\kg_completeness_0.75_results.json
2024-08-04 14:34:49,995 - INFO - Individual experiment results saved to results\20240804_143439\kg_completeness_0.75_results.json
2024-08-04 14:34:49,995 - INFO - Individual experiment results saved to results\20240804_143439\kg_completeness_0.75_results.json
2024-08-04 14:34:49,997 - INFO - Individual experiment results saved to results\20240804_143439\kg_completeness_1.0_results.json
2024-08-04 14:34:49,997 - INFO - Individual experiment results saved to results\20240804_143439\kg_completeness_1.0_results.json
2024-08-04 14:34:49,997 - INFO - Individual experiment results saved to results\20240804_143439\kg_completeness_1.0_results.json
2024-08-04 14:34:49,997 - INFO - Individual experiment results saved to results\20240804_143439\kg_completeness_1.0_results.json
2024-08-04 14:34:49,997 - INFO - Individual experiment results saved to results\20240804_143439\kg_completeness_1.0_results.json
2024-08-04 14:34:49,998 - INFO - Base configuration saved to results\20240804_143439\base_config.json
2024-08-04 14:34:49,998 - INFO - Base configuration saved to results\20240804_143439\base_config.json
2024-08-04 14:34:49,998 - INFO - Base configuration saved to results\20240804_143439\base_config.json
2024-08-04 14:34:49,998 - INFO - Base configuration saved to results\20240804_143439\base_config.json
2024-08-04 14:34:49,998 - INFO - Base configuration saved to results\20240804_143439\base_config.json
2024-08-04 14:34:49,999 - INFO - Ablation Study completed
2024-08-04 14:34:49,999 - INFO - Ablation Study completed
2024-08-04 14:34:49,999 - INFO - Ablation Study completed
2024-08-04 14:34:49,999 - INFO - Ablation Study completed
2024-08-04 14:34:49,999 - INFO - Ablation Study completed
2024-08-04 14:36:13,252 - INFO - Created results directory: results\20240804_143613
2024-08-04 14:36:13,253 - INFO - Starting Ablation Study
2024-08-04 14:36:13,253 - INFO - Running experiment: kg_completeness_0.25
2024-08-04 14:36:13,278 - INFO - Using device: cuda
2024-08-04 14:36:13,278 - INFO - Using device: cuda
2024-08-04 14:36:15,540 - INFO - Profiling stats saved to results\20240804_143613\kg_completeness_0.25\profile_stats.txt
2024-08-04 14:36:15,540 - INFO - Profiling stats saved to results\20240804_143613\kg_completeness_0.25\profile_stats.txt
2024-08-04 14:42:20,841 - INFO - Created results directory: results\20240804_144220
2024-08-04 14:42:20,841 - INFO - Starting Ablation Study
2024-08-04 14:42:20,841 - INFO - Running experiment: kg_completeness_0.25
2024-08-04 14:42:20,887 - INFO - Using device: cuda
2024-08-04 14:42:20,887 - INFO - Using device: cuda
2024-08-04 14:45:23,038 - INFO - Created results directory: results\20240804_144523
2024-08-04 14:45:23,038 - INFO - Starting Ablation Study
2024-08-04 14:45:23,038 - INFO - Running experiment: kg_completeness_0.25
2024-08-04 14:45:23,060 - INFO - Using device: cuda
2024-08-04 14:45:23,060 - INFO - Using device: cuda
2024-08-04 14:47:15,086 - INFO - Created results directory: results\20240804_144715
2024-08-04 14:47:15,086 - INFO - Starting Ablation Study
2024-08-04 14:47:15,086 - INFO - Running experiment: kg_completeness_0.25
2024-08-04 14:47:15,112 - INFO - Using device: cuda
2024-08-04 14:47:15,112 - INFO - Using device: cuda
2024-08-04 14:47:56,604 - INFO - Created results directory: results\20240804_144756
2024-08-04 14:47:56,606 - INFO - Starting Ablation Study
2024-08-04 14:47:56,606 - INFO - Running experiment: kg_completeness_0.25
2024-08-04 14:47:56,630 - INFO - Using device: cuda
2024-08-04 14:47:56,630 - INFO - Using device: cuda
2024-08-04 14:52:15,829 - INFO - Profiling stats saved to results\20240804_144756\kg_completeness_0.25\profile_stats.txt
2024-08-04 14:52:15,829 - INFO - Profiling stats saved to results\20240804_144756\kg_completeness_0.25\profile_stats.txt
2024-08-04 15:20:19,655 - INFO - Created results directory: results\20240804_152019
2024-08-04 15:20:19,656 - INFO - Starting Ablation Study
2024-08-04 15:20:19,656 - INFO - Running experiment: kg_completeness_0.25
2024-08-04 15:20:19,699 - INFO - Using device: cuda
2024-08-04 15:20:19,699 - INFO - Using device: cuda
2024-08-04 15:21:43,633 - INFO - Created results directory: results\20240804_152143
2024-08-04 15:21:43,633 - INFO - Starting Ablation Study
2024-08-04 15:21:43,633 - INFO - Running experiment: kg_completeness_0.25
2024-08-04 15:21:43,656 - INFO - Using device: cuda
2024-08-04 15:21:43,656 - INFO - Using device: cuda
2024-08-04 15:21:44,955 - INFO - Profiling stats saved to results\20240804_152143\kg_completeness_0.25\profile_stats.txt
2024-08-04 15:21:44,955 - INFO - Profiling stats saved to results\20240804_152143\kg_completeness_0.25\profile_stats.txt
2024-08-04 15:21:47,044 - INFO - Training and evaluation completed.
2024-08-04 15:21:47,044 - INFO - Training and evaluation completed.
2024-08-04 15:21:47,046 - INFO - Experiment kg_completeness_0.25 completed
2024-08-04 15:21:47,046 - INFO - Experiment kg_completeness_0.25 completed
2024-08-04 15:21:47,046 - INFO - Running experiment: kg_completeness_0.5
2024-08-04 15:21:47,046 - INFO - Running experiment: kg_completeness_0.5
2024-08-04 15:21:47,048 - INFO - Using device: cuda
2024-08-04 15:21:47,048 - INFO - Using device: cuda
2024-08-04 15:21:47,048 - INFO - Using device: cuda
2024-08-04 15:21:48,120 - INFO - Profiling stats saved to results\20240804_152143\kg_completeness_0.5\profile_stats.txt
2024-08-04 15:21:48,120 - INFO - Profiling stats saved to results\20240804_152143\kg_completeness_0.5\profile_stats.txt
2024-08-04 15:21:48,120 - INFO - Profiling stats saved to results\20240804_152143\kg_completeness_0.5\profile_stats.txt
2024-08-04 15:21:49,672 - INFO - Training and evaluation completed.
2024-08-04 15:21:49,672 - INFO - Training and evaluation completed.
2024-08-04 15:21:49,672 - INFO - Training and evaluation completed.
2024-08-04 15:21:49,673 - INFO - Experiment kg_completeness_0.5 completed
2024-08-04 15:21:49,673 - INFO - Experiment kg_completeness_0.5 completed
2024-08-04 15:21:49,673 - INFO - Experiment kg_completeness_0.5 completed
2024-08-04 15:21:49,673 - INFO - Running experiment: kg_completeness_0.75
2024-08-04 15:21:49,673 - INFO - Running experiment: kg_completeness_0.75
2024-08-04 15:21:49,673 - INFO - Running experiment: kg_completeness_0.75
2024-08-04 15:21:49,676 - INFO - Using device: cuda
2024-08-04 15:21:49,676 - INFO - Using device: cuda
2024-08-04 15:21:49,676 - INFO - Using device: cuda
2024-08-04 15:21:49,676 - INFO - Using device: cuda
2024-08-04 15:21:50,616 - INFO - Profiling stats saved to results\20240804_152143\kg_completeness_0.75\profile_stats.txt
2024-08-04 15:21:50,616 - INFO - Profiling stats saved to results\20240804_152143\kg_completeness_0.75\profile_stats.txt
2024-08-04 15:21:50,616 - INFO - Profiling stats saved to results\20240804_152143\kg_completeness_0.75\profile_stats.txt
2024-08-04 15:21:50,616 - INFO - Profiling stats saved to results\20240804_152143\kg_completeness_0.75\profile_stats.txt
2024-08-04 15:21:52,322 - INFO - Training and evaluation completed.
2024-08-04 15:21:52,322 - INFO - Training and evaluation completed.
2024-08-04 15:21:52,322 - INFO - Training and evaluation completed.
2024-08-04 15:21:52,322 - INFO - Training and evaluation completed.
2024-08-04 15:21:52,323 - INFO - Experiment kg_completeness_0.75 completed
2024-08-04 15:21:52,323 - INFO - Experiment kg_completeness_0.75 completed
2024-08-04 15:21:52,323 - INFO - Experiment kg_completeness_0.75 completed
2024-08-04 15:21:52,323 - INFO - Experiment kg_completeness_0.75 completed
2024-08-04 15:21:52,323 - INFO - Running experiment: kg_completeness_1.0
2024-08-04 15:21:52,323 - INFO - Running experiment: kg_completeness_1.0
2024-08-04 15:21:52,323 - INFO - Running experiment: kg_completeness_1.0
2024-08-04 15:21:52,323 - INFO - Running experiment: kg_completeness_1.0
2024-08-04 15:21:52,325 - INFO - Using device: cuda
2024-08-04 15:21:52,325 - INFO - Using device: cuda
2024-08-04 15:21:52,325 - INFO - Using device: cuda
2024-08-04 15:21:52,325 - INFO - Using device: cuda
2024-08-04 15:21:52,325 - INFO - Using device: cuda
2024-08-04 15:21:53,355 - INFO - Profiling stats saved to results\20240804_152143\kg_completeness_1.0\profile_stats.txt
2024-08-04 15:21:53,355 - INFO - Profiling stats saved to results\20240804_152143\kg_completeness_1.0\profile_stats.txt
2024-08-04 15:21:53,355 - INFO - Profiling stats saved to results\20240804_152143\kg_completeness_1.0\profile_stats.txt
2024-08-04 15:21:53,355 - INFO - Profiling stats saved to results\20240804_152143\kg_completeness_1.0\profile_stats.txt
2024-08-04 15:21:53,355 - INFO - Profiling stats saved to results\20240804_152143\kg_completeness_1.0\profile_stats.txt
2024-08-04 15:21:54,953 - INFO - Training and evaluation completed.
2024-08-04 15:21:54,953 - INFO - Training and evaluation completed.
2024-08-04 15:21:54,953 - INFO - Training and evaluation completed.
2024-08-04 15:21:54,953 - INFO - Training and evaluation completed.
2024-08-04 15:21:54,953 - INFO - Training and evaluation completed.
2024-08-04 15:21:54,954 - INFO - Experiment kg_completeness_1.0 completed
2024-08-04 15:21:54,954 - INFO - Experiment kg_completeness_1.0 completed
2024-08-04 15:21:54,954 - INFO - Experiment kg_completeness_1.0 completed
2024-08-04 15:21:54,954 - INFO - Experiment kg_completeness_1.0 completed
2024-08-04 15:21:54,954 - INFO - Experiment kg_completeness_1.0 completed
2024-08-04 15:21:54,955 - INFO - Ablation study results saved to results\20240804_152143\ablation_study_results.json
2024-08-04 15:21:54,955 - INFO - Ablation study results saved to results\20240804_152143\ablation_study_results.json
2024-08-04 15:21:54,955 - INFO - Ablation study results saved to results\20240804_152143\ablation_study_results.json
2024-08-04 15:21:54,955 - INFO - Ablation study results saved to results\20240804_152143\ablation_study_results.json
2024-08-04 15:21:54,955 - INFO - Ablation study results saved to results\20240804_152143\ablation_study_results.json
2024-08-04 15:21:54,958 - INFO - Individual experiment results saved to results\20240804_152143\kg_completeness_0.25_results.json
2024-08-04 15:21:54,958 - INFO - Individual experiment results saved to results\20240804_152143\kg_completeness_0.25_results.json
2024-08-04 15:21:54,958 - INFO - Individual experiment results saved to results\20240804_152143\kg_completeness_0.25_results.json
2024-08-04 15:21:54,958 - INFO - Individual experiment results saved to results\20240804_152143\kg_completeness_0.25_results.json
2024-08-04 15:21:54,958 - INFO - Individual experiment results saved to results\20240804_152143\kg_completeness_0.25_results.json
2024-08-04 15:21:54,960 - INFO - Individual experiment results saved to results\20240804_152143\kg_completeness_0.5_results.json
2024-08-04 15:21:54,960 - INFO - Individual experiment results saved to results\20240804_152143\kg_completeness_0.5_results.json
2024-08-04 15:21:54,960 - INFO - Individual experiment results saved to results\20240804_152143\kg_completeness_0.5_results.json
2024-08-04 15:21:54,960 - INFO - Individual experiment results saved to results\20240804_152143\kg_completeness_0.5_results.json
2024-08-04 15:21:54,960 - INFO - Individual experiment results saved to results\20240804_152143\kg_completeness_0.5_results.json
2024-08-04 15:21:54,963 - INFO - Individual experiment results saved to results\20240804_152143\kg_completeness_0.75_results.json
2024-08-04 15:21:54,963 - INFO - Individual experiment results saved to results\20240804_152143\kg_completeness_0.75_results.json
2024-08-04 15:21:54,963 - INFO - Individual experiment results saved to results\20240804_152143\kg_completeness_0.75_results.json
2024-08-04 15:21:54,963 - INFO - Individual experiment results saved to results\20240804_152143\kg_completeness_0.75_results.json
2024-08-04 15:21:54,963 - INFO - Individual experiment results saved to results\20240804_152143\kg_completeness_0.75_results.json
2024-08-04 15:21:54,965 - INFO - Individual experiment results saved to results\20240804_152143\kg_completeness_1.0_results.json
2024-08-04 15:21:54,965 - INFO - Individual experiment results saved to results\20240804_152143\kg_completeness_1.0_results.json
2024-08-04 15:21:54,965 - INFO - Individual experiment results saved to results\20240804_152143\kg_completeness_1.0_results.json
2024-08-04 15:21:54,965 - INFO - Individual experiment results saved to results\20240804_152143\kg_completeness_1.0_results.json
2024-08-04 15:21:54,965 - INFO - Individual experiment results saved to results\20240804_152143\kg_completeness_1.0_results.json
2024-08-04 15:21:54,967 - INFO - Base configuration saved to results\20240804_152143\base_config.json
2024-08-04 15:21:54,967 - INFO - Base configuration saved to results\20240804_152143\base_config.json
2024-08-04 15:21:54,967 - INFO - Base configuration saved to results\20240804_152143\base_config.json
2024-08-04 15:21:54,967 - INFO - Base configuration saved to results\20240804_152143\base_config.json
2024-08-04 15:21:54,967 - INFO - Base configuration saved to results\20240804_152143\base_config.json
2024-08-04 15:21:54,968 - INFO - Ablation Study completed
2024-08-04 15:21:54,968 - INFO - Ablation Study completed
2024-08-04 15:21:54,968 - INFO - Ablation Study completed
2024-08-04 15:21:54,968 - INFO - Ablation Study completed
2024-08-04 15:21:54,968 - INFO - Ablation Study completed
2024-08-04 15:25:45,130 - INFO - Created results directory: results\20240804_152545
2024-08-04 15:25:45,130 - INFO - Starting Ablation Study
2024-08-04 15:25:45,130 - INFO - Running experiment: kg_completeness_0.25
2024-08-04 15:25:45,155 - INFO - Using device: cuda
2024-08-04 15:25:45,155 - INFO - Using device: cuda
2024-08-04 15:29:38,245 - INFO - Profiling stats saved to results\20240804_152545\kg_completeness_0.25\profile_stats.txt
2024-08-04 15:29:38,245 - INFO - Profiling stats saved to results\20240804_152545\kg_completeness_0.25\profile_stats.txt
2024-08-04 15:35:50,675 - INFO - Created results directory: results\20240804_153550
2024-08-04 15:35:50,675 - INFO - Starting Ablation Study
2024-08-04 15:35:50,675 - INFO - Running experiment: kg_completeness_0.25
2024-08-04 15:35:50,698 - INFO - Using device: cuda
2024-08-04 15:35:50,698 - INFO - Using device: cuda
